<?xml version="1.0" encoding="UTF-8"?>
<testng-results ignored="0" total="11" passed="11" failed="0" skipped="0">
  <reporter-output>
  </reporter-output>
  <suite started-at="2025-06-16T20:14:15 IST" name="Default suite" finished-at="2025-06-16T20:14:25 IST" duration-ms="10422">
    <groups>
    </groups>
    <test started-at="2025-06-16T20:14:15 IST" name="Default test" finished-at="2025-06-16T20:14:25 IST" duration-ms="10422">
      <class name="api.test.ProductAPITests">
        <test-method signature="testCreateProduct_Positive(api.payload.Product)[pri:1, instance:api.test.ProductAPITests@26794848]" started-at="2025-06-16T20:14:15 IST" name="testCreateProduct_Positive" description="Create product with valid data" data-provider="dbProducts" finished-at="2025-06-16T20:14:19 IST" duration-ms="4248" status="PASS">
          <params>
            <param index="0">
              <value>
                <![CDATA[api.payload.Product@6283d8b8]]>
              </value>
            </param>
          </params>
          <reporter-output>
          </reporter-output>
        </test-method> <!-- testCreateProduct_Positive -->
        <test-method signature="testCreateProduct_Positive(api.payload.Product)[pri:1, instance:api.test.ProductAPITests@26794848]" started-at="2025-06-16T20:14:19 IST" name="testCreateProduct_Positive" description="Create product with valid data" data-provider="dbProducts" finished-at="2025-06-16T20:14:20 IST" duration-ms="385" status="PASS">
          <params>
            <param index="0">
              <value>
                <![CDATA[api.payload.Product@77a0dd63]]>
              </value>
            </param>
          </params>
          <reporter-output>
          </reporter-output>
        </test-method> <!-- testCreateProduct_Positive -->
        <test-method signature="testCreateProduct_Negative(api.payload.Product)[pri:2, instance:api.test.ProductAPITests@26794848]" started-at="2025-06-16T20:14:20 IST" name="testCreateProduct_Negative" description="Attempt to create product with invalid data" data-provider="invalidProductData" finished-at="2025-06-16T20:14:20 IST" duration-ms="750" status="PASS">
          <params>
            <param index="0">
              <value>
                <![CDATA[api.payload.Product@2bec068b]]>
              </value>
            </param>
          </params>
          <reporter-output>
          </reporter-output>
        </test-method> <!-- testCreateProduct_Negative -->
        <test-method signature="testCreateProduct_Negative(api.payload.Product)[pri:2, instance:api.test.ProductAPITests@26794848]" started-at="2025-06-16T20:14:20 IST" name="testCreateProduct_Negative" description="Attempt to create product with invalid data" data-provider="invalidProductData" finished-at="2025-06-16T20:14:21 IST" duration-ms="311" status="PASS">
          <params>
            <param index="0">
              <value>
                <![CDATA[api.payload.Product@236c098]]>
              </value>
            </param>
          </params>
          <reporter-output>
          </reporter-output>
        </test-method> <!-- testCreateProduct_Negative -->
        <test-method signature="testGetProduct_Positive()[pri:3, instance:api.test.ProductAPITests@26794848]" started-at="2025-06-16T20:14:21 IST" name="testGetProduct_Positive" description="Get existing product" finished-at="2025-06-16T20:14:21 IST" depends-on-methods="api.test.ProductAPITests.testCreateProduct_Positive" duration-ms="750" status="PASS">
          <reporter-output>
          </reporter-output>
        </test-method> <!-- testGetProduct_Positive -->
        <test-method signature="testGetProduct_Negative()[pri:4, instance:api.test.ProductAPITests@26794848]" started-at="2025-06-16T20:14:21 IST" name="testGetProduct_Negative" description="Get non-existent product" finished-at="2025-06-16T20:14:22 IST" duration-ms="710" status="PASS">
          <reporter-output>
          </reporter-output>
        </test-method> <!-- testGetProduct_Negative -->
        <test-method signature="testUpdateProduct_Positive()[pri:5, instance:api.test.ProductAPITests@26794848]" started-at="2025-06-16T20:14:22 IST" name="testUpdateProduct_Positive" description="Update product with valid data" finished-at="2025-06-16T20:14:22 IST" depends-on-methods="api.test.ProductAPITests.testCreateProduct_Positive" duration-ms="361" status="PASS">
          <reporter-output>
          </reporter-output>
        </test-method> <!-- testUpdateProduct_Positive -->
        <test-method signature="testUpdateProduct_Negative(api.payload.Product)[pri:6, instance:api.test.ProductAPITests@26794848]" started-at="2025-06-16T20:14:22 IST" name="testUpdateProduct_Negative" description="Attempt to update with invalid data" data-provider="invalidProductData" finished-at="2025-06-16T20:14:23 IST" depends-on-methods="api.test.ProductAPITests.testCreateProduct_Positive" duration-ms="452" status="PASS">
          <params>
            <param index="0">
              <value>
                <![CDATA[api.payload.Product@61b838f2]]>
              </value>
            </param>
          </params>
          <reporter-output>
          </reporter-output>
        </test-method> <!-- testUpdateProduct_Negative -->
        <test-method signature="testUpdateProduct_Negative(api.payload.Product)[pri:6, instance:api.test.ProductAPITests@26794848]" started-at="2025-06-16T20:14:23 IST" name="testUpdateProduct_Negative" description="Attempt to update with invalid data" data-provider="invalidProductData" finished-at="2025-06-16T20:14:24 IST" depends-on-methods="api.test.ProductAPITests.testCreateProduct_Positive" duration-ms="694" status="PASS">
          <params>
            <param index="0">
              <value>
                <![CDATA[api.payload.Product@ddffa6c]]>
              </value>
            </param>
          </params>
          <reporter-output>
          </reporter-output>
        </test-method> <!-- testUpdateProduct_Negative -->
        <test-method signature="testDeleteProduct_Positive()[pri:7, instance:api.test.ProductAPITests@26794848]" started-at="2025-06-16T20:14:24 IST" name="testDeleteProduct_Positive" description="Delete existing product" finished-at="2025-06-16T20:14:25 IST" depends-on-methods="api.test.ProductAPITests.testCreateProduct_Positive" duration-ms="987" status="PASS">
          <reporter-output>
          </reporter-output>
        </test-method> <!-- testDeleteProduct_Positive -->
        <test-method signature="testDeleteProduct_Negative()[pri:8, instance:api.test.ProductAPITests@26794848]" started-at="2025-06-16T20:14:25 IST" name="testDeleteProduct_Negative" description="Delete already deleted product" finished-at="2025-06-16T20:14:25 IST" duration-ms="693" status="PASS">
          <reporter-output>
          </reporter-output>
        </test-method> <!-- testDeleteProduct_Negative -->
      </class> <!-- api.test.ProductAPITests -->
    </test> <!-- Default test -->
  </suite> <!-- Default suite -->
</testng-results>
