<?xml version="1.0" encoding="UTF-8"?>
<testng-results ignored="0" total="13" passed="13" failed="0" skipped="0">
  <reporter-output>
  </reporter-output>
  <suite started-at="2025-06-16T22:48:31 IST" name="Suite" finished-at="2025-06-16T22:48:49 IST" duration-ms="17866">
    <groups>
    </groups>
    <test started-at="2025-06-16T22:48:31 IST" name="Test" finished-at="2025-06-16T22:48:49 IST" duration-ms="17866">
      <class name="api.test.ProductAPITests">
        <test-method signature="testCreateProduct_Positive(api.payload.Product)[pri:1, instance:api.test.ProductAPITests@34b9f960]" started-at="2025-06-16T22:48:36 IST" name="testCreateProduct_Positive" description="Create product with valid data" data-provider="dbProducts" finished-at="2025-06-16T22:48:39 IST" duration-ms="2669" status="PASS">
          <params>
            <param index="0">
              <value>
                <![CDATA[api.payload.Product@57545c3f]]>
              </value>
            </param>
          </params>
          <reporter-output>
          </reporter-output>
        </test-method> <!-- testCreateProduct_Positive -->
        <test-method signature="testCreateProduct_Positive(api.payload.Product)[pri:1, instance:api.test.ProductAPITests@34b9f960]" started-at="2025-06-16T22:48:39 IST" name="testCreateProduct_Positive" description="Create product with valid data" data-provider="dbProducts" finished-at="2025-06-16T22:48:40 IST" duration-ms="899" status="PASS">
          <params>
            <param index="0">
              <value>
                <![CDATA[api.payload.Product@795f6681]]>
              </value>
            </param>
          </params>
          <reporter-output>
          </reporter-output>
        </test-method> <!-- testCreateProduct_Positive -->
        <test-method signature="testCreateProduct_Negative(api.payload.Product)[pri:2, instance:api.test.ProductAPITests@34b9f960]" started-at="2025-06-16T22:48:40 IST" name="testCreateProduct_Negative" description="Attempt to create product with invalid data" data-provider="invalidProductData" finished-at="2025-06-16T22:48:41 IST" duration-ms="829" status="PASS">
          <params>
            <param index="0">
              <value>
                <![CDATA[api.payload.Product@4cb00fa5]]>
              </value>
            </param>
          </params>
          <reporter-output>
          </reporter-output>
        </test-method> <!-- testCreateProduct_Negative -->
        <test-method signature="testCreateProduct_Negative(api.payload.Product)[pri:2, instance:api.test.ProductAPITests@34b9f960]" started-at="2025-06-16T22:48:41 IST" name="testCreateProduct_Negative" description="Attempt to create product with invalid data" data-provider="invalidProductData" finished-at="2025-06-16T22:48:42 IST" duration-ms="836" status="PASS">
          <params>
            <param index="0">
              <value>
                <![CDATA[api.payload.Product@4cb24e2]]>
              </value>
            </param>
          </params>
          <reporter-output>
          </reporter-output>
        </test-method> <!-- testCreateProduct_Negative -->
        <test-method signature="testGetProduct_Positive()[pri:3, instance:api.test.ProductAPITests@34b9f960]" started-at="2025-06-16T22:48:42 IST" name="testGetProduct_Positive" description="Get existing product" finished-at="2025-06-16T22:48:43 IST" depends-on-methods="api.test.ProductAPITests.testCreateProduct_Positive" duration-ms="896" status="PASS">
          <reporter-output>
          </reporter-output>
        </test-method> <!-- testGetProduct_Positive -->
        <test-method signature="testGetProduct_Negative()[pri:4, instance:api.test.ProductAPITests@34b9f960]" started-at="2025-06-16T22:48:43 IST" name="testGetProduct_Negative" description="Get non-existent product" finished-at="2025-06-16T22:48:43 IST" duration-ms="801" status="PASS">
          <reporter-output>
          </reporter-output>
        </test-method> <!-- testGetProduct_Negative -->
        <test-method signature="testUpdateProduct_Positive()[pri:5, instance:api.test.ProductAPITests@34b9f960]" started-at="2025-06-16T22:48:43 IST" name="testUpdateProduct_Positive" description="Update product with valid data" finished-at="2025-06-16T22:48:44 IST" depends-on-methods="api.test.ProductAPITests.testCreateProduct_Positive" duration-ms="861" status="PASS">
          <reporter-output>
          </reporter-output>
        </test-method> <!-- testUpdateProduct_Positive -->
        <test-method signature="testUpdateProduct_Negative(api.payload.Product)[pri:6, instance:api.test.ProductAPITests@34b9f960]" started-at="2025-06-16T22:48:44 IST" name="testUpdateProduct_Negative" description="Attempt to update with invalid data" data-provider="invalidProductData" finished-at="2025-06-16T22:48:45 IST" depends-on-methods="api.test.ProductAPITests.testCreateProduct_Positive" duration-ms="875" status="PASS">
          <params>
            <param index="0">
              <value>
                <![CDATA[api.payload.Product@5c5f0edc]]>
              </value>
            </param>
          </params>
          <reporter-output>
          </reporter-output>
        </test-method> <!-- testUpdateProduct_Negative -->
        <test-method signature="testUpdateProduct_Negative(api.payload.Product)[pri:6, instance:api.test.ProductAPITests@34b9f960]" started-at="2025-06-16T22:48:45 IST" name="testUpdateProduct_Negative" description="Attempt to update with invalid data" data-provider="invalidProductData" finished-at="2025-06-16T22:48:46 IST" depends-on-methods="api.test.ProductAPITests.testCreateProduct_Positive" duration-ms="852" status="PASS">
          <params>
            <param index="0">
              <value>
                <![CDATA[api.payload.Product@74eec640]]>
              </value>
            </param>
          </params>
          <reporter-output>
          </reporter-output>
        </test-method> <!-- testUpdateProduct_Negative -->
        <test-method signature="testDeleteProduct_Positive()[pri:7, instance:api.test.ProductAPITests@34b9f960]" started-at="2025-06-16T22:48:46 IST" name="testDeleteProduct_Positive" description="Delete existing product" finished-at="2025-06-16T22:48:48 IST" depends-on-methods="api.test.ProductAPITests.testCreateProduct_Positive" duration-ms="1935" status="PASS">
          <reporter-output>
          </reporter-output>
        </test-method> <!-- testDeleteProduct_Positive -->
        <test-method signature="testDeleteProduct_Negative()[pri:8, instance:api.test.ProductAPITests@34b9f960]" started-at="2025-06-16T22:48:48 IST" name="testDeleteProduct_Negative" description="Delete already deleted product" finished-at="2025-06-16T22:48:49 IST" duration-ms="810" status="PASS">
          <reporter-output>
          </reporter-output>
        </test-method> <!-- testDeleteProduct_Negative -->
      </class> <!-- api.test.ProductAPITests -->
      <class name="api.test.HeaderValidationTest">
        <test-method is-config="true" signature="setup()[pri:0, instance:api.test.HeaderValidationTest@6531a794]" started-at="2025-06-16T22:48:31 IST" name="setup" finished-at="2025-06-16T22:48:31 IST" duration-ms="487" status="PASS">
          <reporter-output>
          </reporter-output>
        </test-method> <!-- setup -->
        <test-method signature="validateAuthorizationHeader()[pri:0, instance:api.test.HeaderValidationTest@6531a794]" started-at="2025-06-16T22:48:31 IST" name="validateAuthorizationHeader" finished-at="2025-06-16T22:48:35 IST" duration-ms="3726" status="PASS">
          <reporter-output>
          </reporter-output>
        </test-method> <!-- validateAuthorizationHeader -->
        <test-method signature="validateResponseHeaders()[pri:0, instance:api.test.HeaderValidationTest@6531a794]" started-at="2025-06-16T22:48:35 IST" name="validateResponseHeaders" finished-at="2025-06-16T22:48:36 IST" duration-ms="1227" status="PASS">
          <reporter-output>
          </reporter-output>
        </test-method> <!-- validateResponseHeaders -->
      </class> <!-- api.test.HeaderValidationTest -->
    </test> <!-- Test -->
  </suite> <!-- Suite -->
</testng-results>
