<?xml version="1.0" encoding="UTF-8"?>
<testsuite xmlns:xsi="http://www.w3.org/2001/XMLSchema-instance" xsi:noNamespaceSchemaLocation="https://maven.apache.org/surefire/maven-surefire-plugin/xsd/surefire-test-report-3.0.xsd" version="3.0" name="TestSuite" time="21.983" tests="13" errors="0" skipped="0" failures="1">
  <properties>
[...]
</properties>
  <testcase name="validateAuthorizationHeader" classname="api.test.HeaderValidationTest" time="3.858">
    <failure message="expected [true] but found [false]" type="java.lang.AssertionError"><![CDATA[java.lang.AssertionError: expected [true] but found [false]
	at org.testng.Assert.fail(Assert.java:111)
	at org.testng.Assert.failNotEquals(Assert.java:1590)
	at org.testng.Assert.assertTrue(Assert.java:57)
	at org.testng.Assert.assertTrue(Assert.java:67)
	at api.test.HeaderValidationTest.validateAuthorizationHeader(HeaderValidationTest.java:50)
	at java.base/jdk.internal.reflect.DirectMethodHandleAccessor.invoke(DirectMethodHandleAccessor.java:103)
	at java.base/java.lang.reflect.Method.invoke(Method.java:580)
	at org.testng.internal.invokers.MethodInvocationHelper.invokeMethod(MethodInvocationHelper.java:141)
	at org.testng.internal.invokers.TestInvoker.invokeMethod(TestInvoker.java:687)
	at org.testng.internal.invokers.TestInvoker.invokeTestMethod(TestInvoker.java:230)
	at org.testng.internal.invokers.MethodRunner.runInSequence(MethodRunner.java:63)
	at org.testng.internal.invokers.TestInvoker$MethodInvocationAgent.invoke(TestInvoker.java:995)
	at org.testng.internal.invokers.TestInvoker.invokeTestMethods(TestInvoker.java:203)
	at org.testng.internal.invokers.TestMethodWorker.invokeTestMethods(TestMethodWorker.java:154)
	at org.testng.internal.invokers.TestMethodWorker.run(TestMethodWorker.java:134)
	at java.base/java.util.ArrayList.forEach(ArrayList.java:1597)
	at org.testng.TestRunner.privateRun(TestRunner.java:741)
	at org.testng.TestRunner.run(TestRunner.java:616)
	at org.testng.SuiteRunner.runTest(SuiteRunner.java:421)
	at org.testng.SuiteRunner.runSequentially(SuiteRunner.java:413)
	at org.testng.SuiteRunner.privateRun(SuiteRunner.java:373)
	at org.testng.SuiteRunner.run(SuiteRunner.java:312)
	at org.testng.SuiteRunnerWorker.runSuite(SuiteRunnerWorker.java:52)
	at org.testng.SuiteRunnerWorker.run(SuiteRunnerWorker.java:95)
	at org.testng.TestNG.runSuitesSequentially(TestNG.java:1274)
	at org.testng.TestNG.runSuitesLocally(TestNG.java:1208)
	at org.testng.TestNG.runSuites(TestNG.java:1112)
	at org.testng.TestNG.run(TestNG.java:1079)
	at org.apache.maven.surefire.testng.TestNGExecutor.run(TestNGExecutor.java:155)
	at org.apache.maven.surefire.testng.TestNGDirectoryTestSuite.executeMulti(TestNGDirectoryTestSuite.java:169)
	at org.apache.maven.surefire.testng.TestNGDirectoryTestSuite.execute(TestNGDirectoryTestSuite.java:88)
	at org.apache.maven.surefire.testng.TestNGProvider.invoke(TestNGProvider.java:137)
	at org.apache.maven.surefire.booter.ForkedBooter.runSuitesInProcess(ForkedBooter.java:385)
	at org.apache.maven.surefire.booter.ForkedBooter.execute(ForkedBooter.java:162)
	at org.apache.maven.surefire.booter.ForkedBooter.run(ForkedBooter.java:507)
	at org.apache.maven.surefire.booter.ForkedBooter.main(ForkedBooter.java:495)
]]></failure>
    <system-err><![CDATA[SLF4J(W): No SLF4J providers were found.
SLF4J(W): Defaulting to no-operation (NOP) logger implementation
SLF4J(W): See https://www.slf4j.org/codes.html#noProviders for further details.
]]></system-err>
  </testcase>
  <testcase name="validateResponseHeaders" classname="api.test.HeaderValidationTest" time="1.259"/>
  <testcase name="testCreateProduct_Positive[api.payload.Product@3c3a0032](1)" classname="api.test.ProductAPITests" time="4.452">
    <system-out><![CDATA[api.payload.Product@3c3a0032
2025-06-16T15:28:54.238800300Z main ERROR Log4j API could not find a logging provider.
Request method:	POST
Request URI:	https://api.restful-api.dev/objects
Proxy:			<none>
Request params:	<none>
Query params:	<none>
Form params:	<none>
Path params:	<none>
Headers:		Accept=*/*
				Content-Type=application/json
Cookies:		<none>
Multiparts:		<none>
Body:
{
    "name": "Ipad",
    "data": {
        "year": 2023,
        "price": 1999.99,
        "CPU model": "M2",
        "Hard disk size": "1TB"
    }
}
HTTP/1.1 200 OK
Date: Mon, 16 Jun 2025 15:28:57 GMT
Content-Type: application/json
Transfer-Encoding: chunked
Connection: keep-alive
Server: cloudflare
Nel: {"report_to":"cf-nel","success_fraction":0.0,"max_age":604800}
Vary: Origin
Vary: Access-Control-Request-Method
Vary: Access-Control-Request-Headers
Cf-Cache-Status: DYNAMIC
Report-To: {"group":"cf-nel","max_age":604800,"endpoints":[{"url":"https://a.nel.cloudflare.com/report/v4?s=wLX%2BoTIYsA6jzcF6rdNGzzi7m3uJh8xOnHEEP5%2F60bZGw%2BKPvFyeGHcm53pGosj9e8yjkR%2B0aeyLvg2KXbGN%2BD4tDq7rWBDEvxXJAq5Hm0sa%2FUg%3D"}]}
Content-Encoding: gzip
CF-RAY: 950b5705bd62833c-SIN
alt-svc: h3=":443"; ma=86400

{
    "id": "ff80818196f2a23f0197795b9ff71ce5",
    "name": "Ipad",
    "createdAt": "2025-06-16T15:28:57.335+00:00",
    "data": {
        "year": 2023,
        "price": 1999.99,
        "CPU model": "M2",
        "Hard disk size": "1TB"
    }
}
]]></system-out>
  </testcase>
  <testcase name="testCreateProduct_Positive[api.payload.Product@65cc5252](2)" classname="api.test.ProductAPITests" time="0.483">
    <system-out><![CDATA[api.payload.Product@65cc5252
Request method:	POST
Request URI:	https://api.restful-api.dev/objects
Proxy:			<none>
Request params:	<none>
Query params:	<none>
Form params:	<none>
Path params:	<none>
Headers:		Accept=*/*
				Content-Type=application/json
Cookies:		<none>
Multiparts:		<none>
Body:
{
    "name": "MacBook",
    "data": {
        "year": 2023,
        "price": 100.0,
        "CPU model": "M2",
        "Hard disk size": "1TB"
    }
}
HTTP/1.1 200 OK
Date: Mon, 16 Jun 2025 15:28:59 GMT
Content-Type: application/json
Transfer-Encoding: chunked
Connection: keep-alive
Server: cloudflare
Nel: {"report_to":"cf-nel","success_fraction":0.0,"max_age":604800}
Vary: Origin
Vary: Access-Control-Request-Method
Vary: Access-Control-Request-Headers
Cf-Cache-Status: DYNAMIC
Report-To: {"group":"cf-nel","max_age":604800,"endpoints":[{"url":"https://a.nel.cloudflare.com/report/v4?s=kLF6ihwCLWVWPOcWmO46Q8mNQlTfwTCIPbQka%2BKTTXuG4tRUIg5CvcsP0nvsuSfVsTEERI4C0C3u6s4QlOg7oEd9sB0B9cGSqfQEa94VglQ3Eww%3D"}]}
Content-Encoding: gzip
CF-RAY: 950b5712ec93c6f6-SIN
alt-svc: h3=":443"; ma=86400

{
    "id": "ff80818196f2a23f0197795ba8361ce6",
    "name": "MacBook",
    "createdAt": "2025-06-16T15:28:59.446+00:00",
    "data": {
        "year": 2023,
        "price": 100.0,
        "CPU model": "M2",
        "Hard disk size": "1TB"
    }
}
]]></system-out>
  </testcase>
  <testcase name="testCreateProduct_Negative[api.payload.Product@3bbf1c0d](1)" classname="api.test.ProductAPITests" time="1.111">
    <system-out><![CDATA[Request method:	POST
Request URI:	https://api.restful-api.dev/objects
Proxy:			<none>
Request params:	<none>
Query params:	<none>
Form params:	<none>
Path params:	<none>
Headers:		Accept=*/*
				Content-Type=application/json
Cookies:		<none>
Multiparts:		<none>
Body:
{
    "name": null,
    "data": {
        "year": 2023,
        "price": 1999.99,
        "CPU model": "M2",
        "Hard disk size": "1TB"
    }
}
HTTP/1.1 200 OK
Date: Mon, 16 Jun 2025 15:29:00 GMT
Content-Type: application/json
Transfer-Encoding: chunked
Connection: keep-alive
Server: cloudflare
Nel: {"report_to":"cf-nel","success_fraction":0.0,"max_age":604800}
Vary: Origin
Vary: Access-Control-Request-Method
Vary: Access-Control-Request-Headers
Cf-Cache-Status: DYNAMIC
Report-To: {"group":"cf-nel","max_age":604800,"endpoints":[{"url":"https://a.nel.cloudflare.com/report/v4?s=nmIeuHamFBKHMjJuh54W%2BbKzKn0rKV2qZ%2FIMAf%2BW8q8dycK6X%2B17k2oiHfYWaovi5%2BzoSM0cWYBhQ1PuJ11eBvX1toWaBt2yk4rM5gFSQTx8GmU%3D"}]}
Content-Encoding: gzip
CF-RAY: 950b57189c366039-SIN
alt-svc: h3=":443"; ma=86400

{
    "id": "ff80818196f2a23f0197795bab8f1ce7",
    "name": null,
    "createdAt": "2025-06-16T15:29:00.303+00:00",
    "data": {
        "year": 2023,
        "price": 1999.99,
        "CPU model": "M2",
        "Hard disk size": "1TB"
    }
}
]]></system-out>
  </testcase>
  <testcase name="testCreateProduct_Negative[api.payload.Product@1ee40b5c](2)" classname="api.test.ProductAPITests" time="0.978">
    <system-out><![CDATA[Request method:	POST
Request URI:	https://api.restful-api.dev/objects
Proxy:			<none>
Request params:	<none>
Query params:	<none>
Form params:	<none>
Path params:	<none>
Headers:		Accept=*/*
				Content-Type=application/json
Cookies:		<none>
Multiparts:		<none>
Body:
{
    "name": "MacBook",
    "data": {
        "year": 2023,
        "price": -100.0,
        "CPU model": "M2",
        "Hard disk size": "1TB"
    }
}
HTTP/1.1 200 OK
Date: Mon, 16 Jun 2025 15:29:01 GMT
Content-Type: application/json
Transfer-Encoding: chunked
Connection: keep-alive
Server: cloudflare
Nel: {"report_to":"cf-nel","success_fraction":0.0,"max_age":604800}
Vary: Origin
Vary: Access-Control-Request-Method
Vary: Access-Control-Request-Headers
Cf-Cache-Status: DYNAMIC
Report-To: {"group":"cf-nel","max_age":604800,"endpoints":[{"url":"https://a.nel.cloudflare.com/report/v4?s=AOqPgA5rs%2BOqdXEIJmZiXa6D3nvr7F0j5qBkv%2BX3X29Wxc8Nf1tsi%2FMc5za4izUWj40vqsp5vcbuschE0wOtTZ0M43i0Z5gNUJl0GUnr46MPl%2Bc%3D"}]}
Content-Encoding: gzip
CF-RAY: 950b571f29a34d51-SIN
alt-svc: h3=":443"; ma=86400

{
    "id": "ff80818196f2a23f0197795bb0041ce8",
    "name": "MacBook",
    "createdAt": "2025-06-16T15:29:01.444+00:00",
    "data": {
        "year": 2023,
        "price": -100.0,
        "CPU model": "M2",
        "Hard disk size": "1TB"
    }
}
]]></system-out>
  </testcase>
  <testcase name="testGetProduct_Positive" classname="api.test.ProductAPITests" time="1.219">
    <system-out><![CDATA[Request method:	GET
Request URI:	https://api.restful-api.dev/objects/ff80818196f2a23f0197795ba8361ce6
Proxy:			<none>
Request params:	<none>
Query params:	<none>
Form params:	<none>
Path params:	<none>
Headers:		Accept=*/*
				Content-Type=application/json
Cookies:		<none>
Multiparts:		<none>
Body:			<none>
HTTP/1.1 200 OK
Date: Mon, 16 Jun 2025 15:29:02 GMT
Content-Type: application/json
Transfer-Encoding: chunked
Connection: keep-alive
Server: cloudflare
Nel: {"report_to":"cf-nel","success_fraction":0.0,"max_age":604800}
Vary: Origin
Vary: Access-Control-Request-Method
Vary: Access-Control-Request-Headers
Cf-Cache-Status: DYNAMIC
Report-To: {"group":"cf-nel","max_age":604800,"endpoints":[{"url":"https://a.nel.cloudflare.com/report/v4?s=EThD9L1B35i7gtyzKiec8hpikVG0nquhWmmgC8P7YA7HN2kZHP725xnCEd5Ml%2BYyFMp2MdufjY97QRdRnjYmOqZg732ZKK1Nm2oSq3P1LxmOpwo%3D"}]}
Content-Encoding: gzip
CF-RAY: 950b57266e3c8343-SIN
alt-svc: h3=":443"; ma=86400

{
    "id": "ff80818196f2a23f0197795ba8361ce6",
    "name": "MacBook",
    "data": {
        "year": 2023,
        "price": 100.0,
        "CPU model": "M2",
        "Hard disk size": "1TB"
    }
}
]]></system-out>
  </testcase>
  <testcase name="testGetProduct_Negative" classname="api.test.ProductAPITests" time="1.468">
    <system-out><![CDATA[Request method:	GET
Request URI:	https://api.restful-api.dev/objects/invalid_id_123
Proxy:			<none>
Request params:	<none>
Query params:	<none>
Form params:	<none>
Path params:	<none>
Headers:		Accept=*/*
				Content-Type=application/json
Cookies:		<none>
Multiparts:		<none>
Body:			<none>
HTTP/1.1 404 Not Found
Date: Mon, 16 Jun 2025 15:29:03 GMT
Content-Type: application/json
Transfer-Encoding: chunked
Connection: keep-alive
Server: cloudflare
Nel: {"report_to":"cf-nel","success_fraction":0.0,"max_age":604800}
Vary: Origin
Vary: Access-Control-Request-Method
Vary: Access-Control-Request-Headers
Cf-Cache-Status: DYNAMIC
Report-To: {"group":"cf-nel","max_age":604800,"endpoints":[{"url":"https://a.nel.cloudflare.com/report/v4?s=L7sVHJtmpB5GP0cGXvkc8xG95mSoAvzQ9Oa9S4%2B9s7FRrpAQm3h1vi0bKiSvqjM7JvlNJA88Rcz7fvTgSWRb48jT0KspNohhrCFMVbTc5bViY5A%3D"}]}
Content-Encoding: gzip
CF-RAY: 950b572c8ba1aeb9-SIN
alt-svc: h3=":443"; ma=86400

{
    "error": "Oject with id=invalid_id_123 was not found."
}
]]></system-out>
  </testcase>
  <testcase name="testUpdateProduct_Positive" classname="api.test.ProductAPITests" time="0.979">
    <system-out><![CDATA[Request method:	PUT
Request URI:	https://api.restful-api.dev/objects/ff80818196f2a23f0197795ba8361ce6
Proxy:			<none>
Request params:	<none>
Query params:	<none>
Form params:	<none>
Path params:	<none>
Headers:		Accept=*/*
				Content-Type=application/json
Cookies:		<none>
Multiparts:		<none>
Body:
{
    "name": "Updated MacBook Pro",
    "data": {
        "year": 2024,
        "price": 2099.99,
        "CPU model": "M3",
        "Hard disk size": "2TB"
    }
}
HTTP/1.1 200 OK
Date: Mon, 16 Jun 2025 15:29:05 GMT
Content-Type: application/json
Transfer-Encoding: chunked
Connection: keep-alive
Server: cloudflare
Nel: {"report_to":"cf-nel","success_fraction":0.0,"max_age":604800}
Vary: Origin
Vary: Access-Control-Request-Method
Vary: Access-Control-Request-Headers
Cf-Cache-Status: DYNAMIC
Report-To: {"group":"cf-nel","max_age":604800,"endpoints":[{"url":"https://a.nel.cloudflare.com/report/v4?s=kEV6kMJ0izRq%2FGopErOBpPSlMsKBzVcIdzFKj3TozqkbNGPinlKUDDh0p%2BYutFJYnZ0ymmgbFfh1BSIt9V%2BqIJp8wP143zz9n1buE4UXOee%2Fq8o%3D"}]}
Content-Encoding: gzip
CF-RAY: 950b5735fd818357-SIN
alt-svc: h3=":443"; ma=86400

{
    "id": "ff80818196f2a23f0197795ba8361ce6",
    "name": "Updated MacBook Pro",
    "updatedAt": "2025-06-16T15:29:05.103+00:00",
    "data": {
        "year": 2024,
        "price": 2099.99,
        "CPU model": "M3",
        "Hard disk size": "2TB"
    }
}
]]></system-out>
  </testcase>
  <testcase name="testUpdateProduct_Negative[api.payload.Product@7de147e9](1)" classname="api.test.ProductAPITests" time="0.783">
    <system-out><![CDATA[Request method:	PUT
Request URI:	https://api.restful-api.dev/objects/ff80818196f2a23f0197795ba8361ce6
Proxy:			<none>
Request params:	<none>
Query params:	<none>
Form params:	<none>
Path params:	<none>
Headers:		Accept=*/*
				Content-Type=application/json
Cookies:		<none>
Multiparts:		<none>
Body:
{
    "name": null,
    "data": {
        "year": 2023,
        "price": 1999.99,
        "CPU model": "M2",
        "Hard disk size": "1TB"
    }
}
HTTP/1.1 200 OK
Date: Mon, 16 Jun 2025 15:29:05 GMT
Content-Type: application/json
Transfer-Encoding: chunked
Connection: keep-alive
Server: cloudflare
Nel: {"report_to":"cf-nel","success_fraction":0.0,"max_age":604800}
Vary: Origin
Vary: Access-Control-Request-Method
Vary: Access-Control-Request-Headers
Cf-Cache-Status: DYNAMIC
Report-To: {"group":"cf-nel","max_age":604800,"endpoints":[{"url":"https://a.nel.cloudflare.com/report/v4?s=AD1L%2Bo4atz%2FEWIrFGKJ%2B2%2BFoEZUYo%2BUwRvD8cGHnLnWNcG7iJemWcTM9qjrUC36UUb33iuntEWqv20ur1hqEfSd905nTRxtTh%2BFqG6bcq9b1"}]}
Content-Encoding: gzip
CF-RAY: 950b573bb8eb5f96-SIN
alt-svc: h3=":443"; ma=86400

{
    "id": "ff80818196f2a23f0197795ba8361ce6",
    "name": null,
    "updatedAt": "2025-06-16T15:29:05.930+00:00",
    "data": {
        "year": 2023,
        "price": 1999.99,
        "CPU model": "M2",
        "Hard disk size": "1TB"
    }
}
]]></system-out>
  </testcase>
  <testcase name="testUpdateProduct_Negative[api.payload.Product@5f6494c0](2)" classname="api.test.ProductAPITests" time="0.869">
    <system-out><![CDATA[Request method:	PUT
Request URI:	https://api.restful-api.dev/objects/ff80818196f2a23f0197795ba8361ce6
Proxy:			<none>
Request params:	<none>
Query params:	<none>
Form params:	<none>
Path params:	<none>
Headers:		Accept=*/*
				Content-Type=application/json
Cookies:		<none>
Multiparts:		<none>
Body:
{
    "name": "MacBook",
    "data": {
        "year": 2023,
        "price": -100.0,
        "CPU model": "M2",
        "Hard disk size": "1TB"
    }
}
HTTP/1.1 200 OK
Date: Mon, 16 Jun 2025 15:29:06 GMT
Content-Type: application/json
Transfer-Encoding: chunked
Connection: keep-alive
Server: cloudflare
Nel: {"report_to":"cf-nel","success_fraction":0.0,"max_age":604800}
Vary: Origin
Vary: Access-Control-Request-Method
Vary: Access-Control-Request-Headers
Cf-Cache-Status: DYNAMIC
Report-To: {"group":"cf-nel","max_age":604800,"endpoints":[{"url":"https://a.nel.cloudflare.com/report/v4?s=92BJ%2FFEO0cXIt0YIFTZR0YSfCadYtxR0xna2xfqecJEpUgaKHTFvHabJxw9m%2BSxqxrzxpNv0gUM0z9ecL%2BCc0xA6Su%2Bm8Ob2VSHp0wkhBh31yGc%3D"}]}
Content-Encoding: gzip
CF-RAY: 950b5740ded56044-SIN
alt-svc: h3=":443"; ma=86400

{
    "id": "ff80818196f2a23f0197795ba8361ce6",
    "name": "MacBook",
    "updatedAt": "2025-06-16T15:29:06.774+00:00",
    "data": {
        "year": 2023,
        "price": -100.0,
        "CPU model": "M2",
        "Hard disk size": "1TB"
    }
}
]]></system-out>
  </testcase>
  <testcase name="testDeleteProduct_Positive" classname="api.test.ProductAPITests" time="2.007">
    <system-out><![CDATA[Request method:	DELETE
Request URI:	https://api.restful-api.dev/objects/ff80818196f2a23f0197795ba8361ce6
Proxy:			<none>
Request params:	<none>
Query params:	<none>
Form params:	<none>
Path params:	<none>
Headers:		Accept=*/*
				Content-Type=application/json
Cookies:		<none>
Multiparts:		<none>
Body:			<none>
HTTP/1.1 200 OK
Date: Mon, 16 Jun 2025 15:29:07 GMT
Content-Type: application/json
Transfer-Encoding: chunked
Connection: keep-alive
Server: cloudflare
Nel: {"report_to":"cf-nel","success_fraction":0.0,"max_age":604800}
Vary: Origin
Vary: Access-Control-Request-Method
Vary: Access-Control-Request-Headers
Cf-Cache-Status: DYNAMIC
Report-To: {"group":"cf-nel","max_age":604800,"endpoints":[{"url":"https://a.nel.cloudflare.com/report/v4?s=rt6oDqA7A8yS%2BTQKKA5dAYKgOfAbOYVhfi6OJ%2FeIsDEMM5spTM6HLJjXUpyPE4g2y1vseMMoUAaqb%2FBcsYmjScVdSek07bBScgpdUtyBMG7%2Bvcw%3D"}]}
Content-Encoding: gzip
CF-RAY: 950b57476ac2409c-SIN
alt-svc: h3=":443"; ma=86400

{
    "message": "Object with id = ff80818196f2a23f0197795ba8361ce6 has been deleted."
}
Request method:	GET
Request URI:	https://api.restful-api.dev/objects/ff80818196f2a23f0197795ba8361ce6
Proxy:			<none>
Request params:	<none>
Query params:	<none>
Form params:	<none>
Path params:	<none>
Headers:		Accept=*/*
				Content-Type=application/json
Cookies:		<none>
Multiparts:		<none>
Body:			<none>
HTTP/1.1 404 Not Found
Date: Mon, 16 Jun 2025 15:29:08 GMT
Content-Type: application/json
Transfer-Encoding: chunked
Connection: keep-alive
Server: cloudflare
Nel: {"report_to":"cf-nel","success_fraction":0.0,"max_age":604800}
Vary: Origin
Vary: Access-Control-Request-Method
Vary: Access-Control-Request-Headers
Cf-Cache-Status: DYNAMIC
Report-To: {"group":"cf-nel","max_age":604800,"endpoints":[{"url":"https://a.nel.cloudflare.com/report/v4?s=VVhpkvtWlpKOga%2BZxaPGrhqhAife89GJvw1%2ByZOYvGVaPZCOYXPl1GKIaYylTSsJhT2v6Ke3WYR2JgJu9dlF%2F0mVMRuTUQ4c3kbFnMIPZW8Spwk%3D"}]}
Content-Encoding: gzip
CF-RAY: 950b574d5a8f9bda-SIN
alt-svc: h3=":443"; ma=86400

{
    "error": "Oject with id=ff80818196f2a23f0197795ba8361ce6 was not found."
}
]]></system-out>
  </testcase>
  <testcase name="testDeleteProduct_Negative" classname="api.test.ProductAPITests" time="0.325">
    <system-out><![CDATA[Request method:	DELETE
Request URI:	https://api.restful-api.dev/objects/ff80818196f2a23f0197795ba8361ce6
Proxy:			<none>
Request params:	<none>
Query params:	<none>
Form params:	<none>
Path params:	<none>
Headers:		Accept=*/*
				Content-Type=application/json
Cookies:		<none>
Multiparts:		<none>
Body:			<none>
HTTP/1.1 404 Not Found
Date: Mon, 16 Jun 2025 15:29:09 GMT
Content-Type: application/json
Transfer-Encoding: chunked
Connection: keep-alive
Server: cloudflare
Nel: {"report_to":"cf-nel","success_fraction":0.0,"max_age":604800}
Vary: Origin
Vary: Access-Control-Request-Method
Vary: Access-Control-Request-Headers
Cf-Cache-Status: DYNAMIC
Report-To: {"group":"cf-nel","max_age":604800,"endpoints":[{"url":"https://a.nel.cloudflare.com/report/v4?s=pTPfmU%2FihgRhhGd35EqCJiieE%2F%2FrCeBVHkHmZEh%2FFxis2VgUsiRJQZtMSnt4eknQe2xnRvgtnYl4%2FJFiXTw1hEYacXz0ZIowqEEShhU5jn%2BDxDo%3D"}]}
Content-Encoding: gzip
CF-RAY: 950b5750cde6fd2c-SIN
alt-svc: h3=":443"; ma=86400

{
    "error": "Object with id = ff80818196f2a23f0197795ba8361ce6 doesn't exist."
}
]]></system-out>
  </testcase>
</testsuite>