<?xml version="1.0" encoding="UTF-8"?>
<!-- Generated by org.testng.reporters.JUnitXMLReporter -->
<testsuite ignored="0" hostname="DESKTOP-3HV04S5" failures="1" tests="13" name="Surefire test" time="20.867" errors="0" timestamp="2025-06-16T20:59:08 IST">
  <testcase classname="api.test.HeaderValidationTest" name="validateAuthorizationHeader" time="3.848">
    <failure type="java.lang.AssertionError" message="expected [true] but found [false]">
      <![CDATA[java.lang.AssertionError: expected [true] but found [false]
at api.test.HeaderValidationTest.validateAuthorizationHeader(HeaderValidationTest.java:50)
at java.base/java.util.ArrayList.forEach(ArrayList.java:1597)
... Removed 34 stack frames]]>
    </failure>
  </testcase> <!-- validateAuthorizationHeader -->
  <testcase classname="api.test.HeaderValidationTest" name="validateResponseHeaders" time="1.263"/>
  <testcase classname="api.test.ProductAPITests" name="testCreateProduct_Positive" time="4.452"/>
  <testcase classname="api.test.ProductAPITests" name="testCreateProduct_Positive" time="0.483"/>
  <testcase classname="api.test.ProductAPITests" name="testCreateProduct_Negative" time="1.11"/>
  <testcase classname="api.test.ProductAPITests" name="testCreateProduct_Negative" time="0.979"/>
  <testcase classname="api.test.ProductAPITests" name="testGetProduct_Positive" time="1.22"/>
  <testcase classname="api.test.ProductAPITests" name="testGetProduct_Negative" time="1.468"/>
  <testcase classname="api.test.ProductAPITests" name="testUpdateProduct_Positive" time="0.978"/>
  <testcase classname="api.test.ProductAPITests" name="testUpdateProduct_Negative" time="0.782"/>
  <testcase classname="api.test.ProductAPITests" name="testUpdateProduct_Negative" time="0.87"/>
  <testcase classname="api.test.ProductAPITests" name="testDeleteProduct_Positive" time="2.006"/>
  <testcase classname="api.test.ProductAPITests" name="testDeleteProduct_Negative" time="0.325"/>
</testsuite> <!-- Surefire test -->
